0 info it worked if it ends with ok
1 verbose cli [ 'C:\\Program Files\\nodejs\\node.exe',
1 verbose cli   'C:\\Program Files\\nodejs\\node_modules\\npm\\bin\\npm-cli.js',
1 verbose cli   'run',
1 verbose cli   'dev' ]
2 info using npm@3.10.10
3 info using node@v6.11.3
4 verbose run-script [ 'predev', 'dev', 'postdev' ]
5 info lifecycle my-draft@1.0.0~predev: my-draft@1.0.0
6 silly lifecycle my-draft@1.0.0~predev: no script for predev, continuing
7 info lifecycle my-draft@1.0.0~dev: my-draft@1.0.0
8 verbose lifecycle my-draft@1.0.0~dev: unsafe-perm in lifecycle true
9 verbose lifecycle my-draft@1.0.0~dev: PATH: C:\Program Files\nodejs\node_modules\npm\bin\node-gyp-bin;E:\WorkSpace\MyDraft\node_modules\.bin;C:\ProgramData\Oracle\Java\javapath;C:\Python27\;C:\Python27\Scripts;C:\Program Files\Docker\Docker\Resources\bin;C:\WINDOWS\system32;C:\WINDOWS;C:\WINDOWS\System32\Wbem;C:\WINDOWS\System32\WindowsPowerShell\v1.0\;C:\Program Files\Microsoft SQL Server\130\Tools\Binn\;C:\Program Files\dotnet\;C:\Program Files\Git\cmd;C:\Program Files (x86)\Microsoft SQL Server\100\Tools\Binn\;C:\Program Files\Microsoft SQL Server\100\Tools\Binn\;C:\Program Files\Microsoft SQL Server\100\DTS\Binn\;C:\Program Files (x86)\Microsoft SQL Server\100\Tools\Binn\VSShell\Common7\IDE\;C:\Program Files (x86)\Microsoft Visual Studio 9.0\Common7\IDE\PrivateAssemblies\;C:\Program Files (x86)\Microsoft SQL Server\100\DTS\Binn\;C:\Program Files (x86)\dotnet\;C:\Program Files\nodejs\;C:\ProgramData\chocolatey\bin;;C:\Program Files (x86)\NVIDIA Corporation\PhysX\Common;%SystemRoot%\system32;%SystemRoot%;%SystemRoot%\System32\Wbem;%SYSTEMROOT%\System32\WindowsPowerShell\v1.0\;%SYSTEMROOT%\System32\OpenSSH\;C:\Users\Administrator\AppData\Local\Microsoft\WindowsApps;C:\Program Files\Microsoft VS Code\bin;C:\Users\Administrator\AppData\Roaming\npm;"C:\Program Files\Java\jdk1.8.0_144\bin;C:\Program Files\Java\jdk1.8.0_144\jre\bin;";C:\Users\Administrator\AppData\Local\Android\sdk\platform-tools
10 verbose lifecycle my-draft@1.0.0~dev: CWD: E:\WorkSpace\MyDraft
11 silly lifecycle my-draft@1.0.0~dev: Args: [ '/d /s /c', 'node ./webpack/dev.js' ]
12 silly lifecycle my-draft@1.0.0~dev: Returned: code: 3221225786  signal: null
13 info lifecycle my-draft@1.0.0~dev: Failed to exec dev script
14 verbose stack Error: my-draft@1.0.0 dev: `node ./webpack/dev.js`
14 verbose stack Exit status 3221225786
14 verbose stack     at EventEmitter.<anonymous> (C:\Program Files\nodejs\node_modules\npm\lib\utils\lifecycle.js:255:16)
14 verbose stack     at emitTwo (events.js:106:13)
14 verbose stack     at EventEmitter.emit (events.js:191:7)
14 verbose stack     at ChildProcess.<anonymous> (C:\Program Files\nodejs\node_modules\npm\lib\utils\spawn.js:40:14)
14 verbose stack     at emitTwo (events.js:106:13)
14 verbose stack     at ChildProcess.emit (events.js:191:7)
14 verbose stack     at maybeClose (internal/child_process.js:920:16)
14 verbose stack     at Process.ChildProcess._handle.onexit (internal/child_process.js:230:5)
15 verbose pkgid my-draft@1.0.0
16 verbose cwd E:\WorkSpace\MyDraft
17 error Windows_NT 10.0.17134
18 error argv "C:\\Program Files\\nodejs\\node.exe" "C:\\Program Files\\nodejs\\node_modules\\npm\\bin\\npm-cli.js" "run" "dev"
19 error node v6.11.3
20 error npm  v3.10.10
21 error code ELIFECYCLE
22 error my-draft@1.0.0 dev: `node ./webpack/dev.js`
22 error Exit status 3221225786
23 error Failed at the my-draft@1.0.0 dev script 'node ./webpack/dev.js'.
23 error Make sure you have the latest version of node.js and npm installed.
23 error If you do, this is most likely a problem with the my-draft package,
23 error not with npm itself.
23 error Tell the author that this fails on your system:
23 error     node ./webpack/dev.js
23 error You can get information on how to open an issue for this project with:
23 error     npm bugs my-draft
23 error Or if that isn't available, you can get their info via:
23 error     npm owner ls my-draft
23 error There is likely additional logging output above.
24 verbose exit [ 1, true ]
